<?xml version="1.0" encoding="UTF-8"?>
<!-- Generated by org.testng.reporters.JUnitXMLReporter -->
<testsuite ignored="0" hostname="DESKTOP-CE6V20B" failures="0" tests="3" name="signup" time="19.945" errors="0" timestamp="2025-10-21T18:52:48 WEST">
  <testcase classname="ngdemo1.signup" name="makeaccount" time="7.145"/>
  <testcase classname="ngdemo1.signup" name="continue_signup" time="3.184"/>
  <testcase classname="ngdemo1.signup" name="logout_clck" time="2.191"/>
</testsuite> <!-- signup -->
