<?xml version="1.0" encoding="UTF-8"?>
<testng-results ignored="0" total="2" passed="2" failed="0" skipped="0">
  <reporter-output>
  </reporter-output>
  <suite started-at="2025-11-11T06:20:45 WET" name="Default suite" finished-at="2025-11-11T06:20:59 WET" duration-ms="14253">
    <groups>
    </groups>
    <test started-at="2025-11-11T06:20:45 WET" name="Default test" finished-at="2025-11-11T06:20:59 WET" duration-ms="14253">
      <class name="ngdemo1.NewTest">
        <test-method is-config="true" signature="beforeSuite()[pri:0, instance:ngdemo1.NewTest@3bf7ca37]" started-at="2025-11-11T06:20:43 WET" name="beforeSuite" finished-at="2025-11-11T06:20:45 WET" duration-ms="1436" status="PASS">
          <reporter-output>
          </reporter-output>
        </test-method> <!-- beforeSuite -->
        <test-method is-config="true" signature="start()[pri:0, instance:ngdemo1.NewTest@3bf7ca37]" started-at="2025-11-11T06:20:45 WET" name="start" finished-at="2025-11-11T06:20:48 WET" duration-ms="3086" status="PASS">
          <reporter-output>
          </reporter-output>
        </test-method> <!-- start -->
        <test-method is-config="true" signature="beforeClass()[pri:0, instance:ngdemo1.NewTest@3bf7ca37]" started-at="2025-11-11T06:20:48 WET" name="beforeClass" description="navigating before class" finished-at="2025-11-11T06:20:52 WET" duration-ms="4546" status="PASS">
          <reporter-output>
          </reporter-output>
        </test-method> <!-- beforeClass -->
        <test-method is-config="true" signature="beforeMethod()[pri:0, instance:ngdemo1.NewTest@3bf7ca37]" started-at="2025-11-11T06:20:53 WET" name="beforeMethod" finished-at="2025-11-11T06:20:53 WET" duration-ms="2" status="PASS">
          <reporter-output>
          </reporter-output>
        </test-method> <!-- beforeMethod -->
        <test-method signature="login()[pri:1, instance:ngdemo1.NewTest@3bf7ca37]" started-at="2025-11-11T06:20:53 WET" name="login" finished-at="2025-11-11T06:20:58 WET" duration-ms="5837" status="PASS">
          <reporter-output>
          </reporter-output>
        </test-method> <!-- login -->
        <test-method is-config="true" signature="afterMethod()[pri:0, instance:ngdemo1.NewTest@3bf7ca37]" started-at="2025-11-11T06:20:58 WET" name="afterMethod" finished-at="2025-11-11T06:20:58 WET" duration-ms="1" status="PASS">
          <reporter-output>
          </reporter-output>
        </test-method> <!-- afterMethod -->
        <test-method is-config="true" signature="beforeMethod()[pri:0, instance:ngdemo1.NewTest@3bf7ca37]" started-at="2025-11-11T06:20:58 WET" name="beforeMethod" finished-at="2025-11-11T06:20:58 WET" duration-ms="1" status="PASS">
          <reporter-output>
          </reporter-output>
        </test-method> <!-- beforeMethod -->
        <test-method signature="verifyUsername()[pri:2, instance:ngdemo1.NewTest@3bf7ca37]" started-at="2025-11-11T06:20:58 WET" name="verifyUsername" finished-at="2025-11-11T06:20:58 WET" duration-ms="72" status="PASS">
          <reporter-output>
          </reporter-output>
        </test-method> <!-- verifyUsername -->
        <test-method is-config="true" signature="afterMethod()[pri:0, instance:ngdemo1.NewTest@3bf7ca37]" started-at="2025-11-11T06:20:58 WET" name="afterMethod" finished-at="2025-11-11T06:20:58 WET" duration-ms="6" status="PASS">
          <reporter-output>
          </reporter-output>
        </test-method> <!-- afterMethod -->
        <test-method is-config="true" signature="afterClass()[pri:0, instance:ngdemo1.NewTest@3bf7ca37]" started-at="2025-11-11T06:20:58 WET" name="afterClass" finished-at="2025-11-11T06:20:58 WET" duration-ms="4" status="PASS">
          <reporter-output>
          </reporter-output>
        </test-method> <!-- afterClass -->
        <test-method is-config="true" signature="tearDown()[pri:0, instance:ngdemo1.NewTest@3bf7ca37]" started-at="2025-11-11T06:20:58 WET" name="tearDown" finished-at="2025-11-11T06:20:59 WET" duration-ms="569" status="PASS">
          <reporter-output>
          </reporter-output>
        </test-method> <!-- tearDown -->
        <test-method is-config="true" signature="afterSuite()[pri:0, instance:ngdemo1.NewTest@3bf7ca37]" started-at="2025-11-11T06:20:59 WET" name="afterSuite" finished-at="2025-11-11T06:20:59 WET" duration-ms="2" status="PASS">
          <reporter-output>
          </reporter-output>
        </test-method> <!-- afterSuite -->
      </class> <!-- ngdemo1.NewTest -->
    </test> <!-- Default test -->
  </suite> <!-- Default suite -->
</testng-results>
