<?xml version="1.0" encoding="UTF-8"?>
<!-- Generated by org.testng.reporters.JUnitReportReporter -->
<testsuite hostname="DESKTOP-CE6V20B" failures="0" tests="3" name="ngdemo1.signup" time="31.868" errors="0" timestamp="2025-10-31T06:14:24 WET" skipped="0">
  <testcase classname="ngdemo1.signup" name="makeaccount" time="23.398"/>
  <testcase classname="ngdemo1.signup" name="continue_signup" time="5.922"/>
  <testcase classname="ngdemo1.signup" name="logout_clck" time="2.548"/>
</testsuite> <!-- ngdemo1.signup -->
